<?xml version="1.0" encoding="UTF-8"?>
<testsuite name="com.javier.serenity.AcceptanceTestSuite" time="79.598" tests="11" errors="0" skipped="0" failures="0">
  <properties>
[...]
</properties>
  <testcase name="BeforeStories" classname="java.lang.Object" time="0.194"/>
  <testcase name="Given the user is on the Wikionary home page" classname="com.javier.serenity.steps.DefinitionSteps" time="16.409"/>
  <testcase name="When the user looks up the definition of the word &apos;apple&apos;" classname="com.javier.serenity.steps.DefinitionSteps" time="14.622"/>
  <testcase name="Then they should see the definition &apos;A common, round fruit produced by the tree Malus domestica, cultivated in temperate climates.&apos;" classname="com.javier.serenity.steps.DefinitionSteps" time="6.155"/>
  <testcase name="Scenario: Looking up the definition of &apos;apple&apos;" classname="Scenario: Looking up the definition of &apos;apple&apos;" time="7.437"/>
  <testcase name="Given the user is on the Wikionary home page​" classname="com.javier.serenity.steps.DefinitionSteps" time="9.591"/>
  <testcase name="When the user looks up the definition of the word &apos;pear&apos;" classname="com.javier.serenity.steps.DefinitionSteps" time="14.738"/>
  <testcase name="Then they should see the definition &apos;An edible fruit produced by the pear tree, similar to an apple but elongated towards the stem.&apos;" classname="com.javier.serenity.steps.DefinitionSteps" time="3.101"/>
  <testcase name="Scenario: Looking up the definition of &apos;pear&apos;" classname="Scenario: Looking up the definition of &apos;pear&apos;" time="3.627"/>
  <testcase name="LookupADefinition.story" classname="LookupADefinition.story" time="3.723"/>
  <testcase name="AfterStories" classname="java.lang.Object" time="0.001"/>
</testsuite>